0 info it worked if it ends with ok
1 verbose cli [ 'C:\\Program Files\\nodejs\\node.exe',
1 verbose cli   'C:\\Program Files\\nodejs\\node_modules\\npm\\bin\\npm-cli.js',
1 verbose cli   'rebuild',
1 verbose cli   'node-sass' ]
2 info using npm@3.8.6
3 info using node@v6.0.0
4 info readInstalled object
5 verbose rebuild path, id [ 'D:\\installed\\wamp64\\wamp64\\www\\projet\\public\\node_modules\\node-sass',
5 verbose rebuild   'node-sass@3.6.0' ]
6 silly rebuild set [ 'D:\\installed\\wamp64\\wamp64\\www\\projet\\public\\node_modules\\node-sass' ]
7 info build D:\installed\wamp64\wamp64\www\projet\public\node_modules\node-sass
8 info lifecycle node-sass@3.6.0~preinstall: node-sass@3.6.0
9 silly lifecycle node-sass@3.6.0~preinstall: no script for preinstall, continuing
10 info linkStuff node-sass@3.6.0
11 silly linkStuff node-sass@3.6.0 has D:\installed\wamp64\wamp64\www\projet\public\node_modules as its parent node_modules
12 verbose linkBins node-sass@3.6.0
13 verbose link bins [ { 'node-sass': 'bin/node-sass' },
13 verbose link bins   'D:\\installed\\wamp64\\wamp64\\www\\projet\\public\\node_modules\\.bin',
13 verbose link bins   false ]
14 verbose linkMans node-sass@3.6.0
15 verbose rebuildBundles node-sass@3.6.0
16 verbose rebuildBundles [ 'gaze', 'glob', 'globule', 'lodash', 'minimatch' ]
17 verbose rebuild bundle D:\installed\wamp64\wamp64\www\projet\public\node_modules\node-sass\node_modules\globule
18 info build D:\installed\wamp64\wamp64\www\projet\public\node_modules\node-sass\node_modules\globule
19 info lifecycle globule@0.2.0~preinstall: globule@0.2.0
20 silly lifecycle globule@0.2.0~preinstall: no script for preinstall, continuing
21 info linkStuff globule@0.2.0
22 silly linkStuff globule@0.2.0 has D:\installed\wamp64\wamp64\www\projet\public\node_modules\node-sass\node_modules as its parent node_modules
23 verbose linkBins globule@0.2.0
24 verbose linkMans globule@0.2.0
25 verbose rebuildBundles globule@0.2.0
26 verbose rebuildBundles [ 'glob' ]
27 info lifecycle globule@0.2.0~install: globule@0.2.0
28 silly lifecycle globule@0.2.0~install: no script for install, continuing
29 info lifecycle globule@0.2.0~postinstall: globule@0.2.0
30 silly lifecycle globule@0.2.0~postinstall: no script for postinstall, continuing
31 verbose rebuild bundle D:\installed\wamp64\wamp64\www\projet\public\node_modules\node-sass\node_modules\lodash
32 info build D:\installed\wamp64\wamp64\www\projet\public\node_modules\node-sass\node_modules\lodash
33 info lifecycle lodash@2.4.2~preinstall: lodash@2.4.2
34 silly lifecycle lodash@2.4.2~preinstall: no script for preinstall, continuing
35 info linkStuff lodash@2.4.2
36 silly linkStuff lodash@2.4.2 has D:\installed\wamp64\wamp64\www\projet\public\node_modules\node-sass\node_modules as its parent node_modules
37 verbose linkBins lodash@2.4.2
38 verbose linkMans lodash@2.4.2
39 verbose rebuildBundles lodash@2.4.2
40 info lifecycle lodash@2.4.2~install: lodash@2.4.2
41 silly lifecycle lodash@2.4.2~install: no script for install, continuing
42 info lifecycle lodash@2.4.2~postinstall: lodash@2.4.2
43 silly lifecycle lodash@2.4.2~postinstall: no script for postinstall, continuing
44 verbose rebuild bundle D:\installed\wamp64\wamp64\www\projet\public\node_modules\node-sass\node_modules\minimatch
45 info build D:\installed\wamp64\wamp64\www\projet\public\node_modules\node-sass\node_modules\minimatch
46 info lifecycle minimatch@0.2.14~preinstall: minimatch@0.2.14
47 silly lifecycle minimatch@0.2.14~preinstall: no script for preinstall, continuing
48 info linkStuff minimatch@0.2.14
49 silly linkStuff minimatch@0.2.14 has D:\installed\wamp64\wamp64\www\projet\public\node_modules\node-sass\node_modules as its parent node_modules
50 verbose linkBins minimatch@0.2.14
51 verbose linkMans minimatch@0.2.14
52 verbose rebuildBundles minimatch@0.2.14
53 info lifecycle minimatch@0.2.14~install: minimatch@0.2.14
54 silly lifecycle minimatch@0.2.14~install: no script for install, continuing
55 info lifecycle minimatch@0.2.14~postinstall: minimatch@0.2.14
56 silly lifecycle minimatch@0.2.14~postinstall: no script for postinstall, continuing
57 info lifecycle node-sass@3.6.0~install: node-sass@3.6.0
58 verbose lifecycle node-sass@3.6.0~install: unsafe-perm in lifecycle true
59 verbose lifecycle node-sass@3.6.0~install: PATH: C:\Users\rcd18\AppData\Roaming\nvm\v6.0.0\node_modules\npm\bin\node-gyp-bin;D:\installed\wamp64\wamp64\www\projet\public\node_modules\node-sass\node_modules\.bin;D:\installed\wamp64\wamp64\www\projet\public\node_modules\.bin;C:\Program Files\nodejs;D:\installed\cmder\bin;D:\installed\cmder\vendor\conemu-maximus5\ConEmu\Scripts;D:\installed\cmder\vendor\conemu-maximus5;D:\installed\cmder\vendor\conemu-maximus5\ConEmu;C:\ProgramData\Oracle\Java\javapath;C:\Windows\system32;C:\Windows;C:\Windows\System32\Wbem;C:\Windows\System32\WindowsPowerShell\v1.0\;C:\WINDOWS\system32;C:\WINDOWS;C:\WINDOWS\System32\Wbem;C:\WINDOWS\System32\WindowsPowerShell\v1.0\;C:\Users\rcd18\AppData\Roaming\nvm;C:\Program Files\nodejs;C:\Program Files (x86)\Skype\Phone\;C:\Program Files\OpenVPN\bin;C:\Program Files (x86)\Brackets\command;C:\Program Files (x86)\NVIDIA Corporation\PhysX\Common;C:\ProgramData\chocolatey\bin;D:\installed\wamp64\bin\php\php7.0.0;C:\ProgramData\ComposerSetup\bin;D:\installed\Matlab\runtime\win64;D:\installed\Matlab\bin;D:\installed\Matlab\polyspace\bin;C:\WINDOWS\system32;C:\WINDOWS;C:\Users\rcd18\AppData\Local\Microsoft\WindowsApps;C:\WINDOWS\System32\Wbem;C:\WINDOWS\System32\WindowsPowerShell\v1.0\;C:\Program Files (x86)\GNU\GnuPG\pub;D:\installed\Ruby22\bin;C:\Users\rcd18\AppData\Roaming\nvm\v4.2.4;D:\installed\wamp64\wamp64\bin\php\php5.6.16;C:\Program Files\Java\jdk1.8.0_65\bin;D:\installed\cmder\bin;C:\Program Files (x86)\Microsoft VS Code\bin;C:\Users\rcd18\AppData\Local\Microsoft\WindowsApps;;D:\installed\cmder\vendor\git-for-windows\bin;D:\installed\cmder
60 verbose lifecycle node-sass@3.6.0~install: CWD: D:\installed\wamp64\wamp64\www\projet\public\node_modules\node-sass
61 silly lifecycle node-sass@3.6.0~install: Args: [ '/d /s /c', 'node scripts/install.js' ]
62 silly lifecycle node-sass@3.6.0~install: Returned: code: 0  signal: null
63 info lifecycle node-sass@3.6.0~postinstall: node-sass@3.6.0
64 verbose lifecycle node-sass@3.6.0~postinstall: unsafe-perm in lifecycle true
65 verbose lifecycle node-sass@3.6.0~postinstall: PATH: C:\Users\rcd18\AppData\Roaming\nvm\v6.0.0\node_modules\npm\bin\node-gyp-bin;D:\installed\wamp64\wamp64\www\projet\public\node_modules\node-sass\node_modules\.bin;D:\installed\wamp64\wamp64\www\projet\public\node_modules\.bin;C:\Program Files\nodejs;D:\installed\cmder\bin;D:\installed\cmder\vendor\conemu-maximus5\ConEmu\Scripts;D:\installed\cmder\vendor\conemu-maximus5;D:\installed\cmder\vendor\conemu-maximus5\ConEmu;C:\ProgramData\Oracle\Java\javapath;C:\Windows\system32;C:\Windows;C:\Windows\System32\Wbem;C:\Windows\System32\WindowsPowerShell\v1.0\;C:\WINDOWS\system32;C:\WINDOWS;C:\WINDOWS\System32\Wbem;C:\WINDOWS\System32\WindowsPowerShell\v1.0\;C:\Users\rcd18\AppData\Roaming\nvm;C:\Program Files\nodejs;C:\Program Files (x86)\Skype\Phone\;C:\Program Files\OpenVPN\bin;C:\Program Files (x86)\Brackets\command;C:\Program Files (x86)\NVIDIA Corporation\PhysX\Common;C:\ProgramData\chocolatey\bin;D:\installed\wamp64\bin\php\php7.0.0;C:\ProgramData\ComposerSetup\bin;D:\installed\Matlab\runtime\win64;D:\installed\Matlab\bin;D:\installed\Matlab\polyspace\bin;C:\WINDOWS\system32;C:\WINDOWS;C:\Users\rcd18\AppData\Local\Microsoft\WindowsApps;C:\WINDOWS\System32\Wbem;C:\WINDOWS\System32\WindowsPowerShell\v1.0\;C:\Program Files (x86)\GNU\GnuPG\pub;D:\installed\Ruby22\bin;C:\Users\rcd18\AppData\Roaming\nvm\v4.2.4;D:\installed\wamp64\wamp64\bin\php\php5.6.16;C:\Program Files\Java\jdk1.8.0_65\bin;D:\installed\cmder\bin;C:\Program Files (x86)\Microsoft VS Code\bin;C:\Users\rcd18\AppData\Local\Microsoft\WindowsApps;;D:\installed\cmder\vendor\git-for-windows\bin;D:\installed\cmder
66 verbose lifecycle node-sass@3.6.0~postinstall: CWD: D:\installed\wamp64\wamp64\www\projet\public\node_modules\node-sass
67 silly lifecycle node-sass@3.6.0~postinstall: Args: [ '/d /s /c', 'node scripts/build.js' ]
68 silly lifecycle node-sass@3.6.0~postinstall: Returned: code: 1  signal: null
69 info lifecycle node-sass@3.6.0~postinstall: Failed to exec postinstall script
70 verbose stack Error: node-sass@3.6.0 postinstall: `node scripts/build.js`
70 verbose stack Exit status 1
70 verbose stack     at EventEmitter.<anonymous> (C:\Users\rcd18\AppData\Roaming\nvm\v6.0.0\node_modules\npm\lib\utils\lifecycle.js:239:16)
70 verbose stack     at emitTwo (events.js:106:13)
70 verbose stack     at EventEmitter.emit (events.js:191:7)
70 verbose stack     at ChildProcess.<anonymous> (C:\Users\rcd18\AppData\Roaming\nvm\v6.0.0\node_modules\npm\lib\utils\spawn.js:24:14)
70 verbose stack     at emitTwo (events.js:106:13)
70 verbose stack     at ChildProcess.emit (events.js:191:7)
70 verbose stack     at maybeClose (internal/child_process.js:850:16)
70 verbose stack     at Process.ChildProcess._handle.onexit (internal/child_process.js:215:5)
71 verbose pkgid node-sass@3.6.0
72 verbose cwd D:\installed\wamp64\wamp64\www\projet\public
73 error Windows_NT 10.0.14328
74 error argv "C:\\Program Files\\nodejs\\node.exe" "C:\\Program Files\\nodejs\\node_modules\\npm\\bin\\npm-cli.js" "rebuild" "node-sass"
75 error node v6.0.0
76 error npm  v3.8.6
77 error code ELIFECYCLE
78 error node-sass@3.6.0 postinstall: `node scripts/build.js`
78 error Exit status 1
79 error Failed at the node-sass@3.6.0 postinstall script 'node scripts/build.js'.
79 error Make sure you have the latest version of node.js and npm installed.
79 error If you do, this is most likely a problem with the node-sass package,
79 error not with npm itself.
79 error Tell the author that this fails on your system:
79 error     node scripts/build.js
79 error You can get information on how to open an issue for this project with:
79 error     npm bugs node-sass
79 error Or if that isn't available, you can get their info via:
79 error     npm owner ls node-sass
79 error There is likely additional logging output above.
80 verbose exit [ 1, true ]
